Android/Layout_Version/app/build/intermediates/manifest_merge_blame_file/debug/manifest-merger-blame-debug-report.txt
1<?xml version="1.0" encoding="utf-8"?>
2<manifest xmlns:android="http://schemas.android.com/apk/res/android"
3    package="com.example.layout_version"
4    android:versionCode="1"
5    android:versionName="1.0" >
6
7    <uses-sdk
7-->src\main\AndroidManifest.xml:11:5-44
8        android:minSdkVersion="21"
8-->src\main\AndroidManifest.xml:11:15-41
9        android:targetSdkVersion="33" />
9-->src\main\AndroidManifest.xml:11:5-44
10
11    <uses-permission android:name="android.permission.INTERNET" />
11-->src\main\AndroidManifest.xml:5:5-67
11-->src\main\AndroidManifest.xml:5:22-64
12    <uses-permission android:name="android.permission.ACCESS_NETWORK_STATE" />
12-->src\main\AndroidManifest.xml:6:5-79
12-->src\main\AndroidManifest.xml:6:22-76
13    <uses-permission android:name="android.permission.POST_NOTIFICATIONS" />
13-->src\main\AndroidManifest.xml:7:5-76
13-->src\main\AndroidManifest.xml:7:22-74
14    <uses-permission android:name="android.permission.CAMERA" />
14-->src\main\AndroidManifest.xml:8:5-65
14-->src\main\AndroidManifest.xml:8:22-62
15
16    <uses-feature android:name="android.hardware.camera" />
16-->src\main\AndroidManifest.xml:9:5-60
16-->src\main\AndroidManifest.xml:9:19-57
17    <uses-feature android:name="android.hardware.camera.autofocus" />
17-->src\main\AndroidManifest.xml:10:5-70
17-->src\main\AndroidManifest.xml:10:19-67
18
19    <permission
19-->[androidx.core:core:1.9.0] AndroidManifest.xml:22:5-24:47
20        android:name="com.example.layout_version.DYNAMIC_RECEIVER_NOT_EXPORTED_PERMISSION"
20-->[androidx.core:core:1.9.0] AndroidManifest.xml:23:9-81
21        android:protectionLevel="signature" />
21-->[androidx.core:core:1.9.0] AndroidManifest.xml:24:9-44
22
23    <uses-permission android:name="com.example.layout_version.DYNAMIC_RECEIVER_NOT_EXPORTED_PERMISSION" />
23-->[androidx.core:core:1.9.0] AndroidManifest.xml:26:5-97
23-->[androidx.core:core:1.9.0] AndroidManifest.xml:26:22-94
24    <uses-permission android:name="android.permission.ACCESS_WIFI_STATE" />
24-->[com.amazonaws:ivs-player:1.18.0] AndroidManifest.xml:10:5-76
24-->[com.amazonaws:ivs-player:1.18.0] AndroidManifest.xml:10:22-73
25
26    <application
26-->src\main\AndroidManifest.xml:12:5-58:19
27        android:allowBackup="true"
27-->src\main\AndroidManifest.xml:13:9-35
28        android:appComponentFactory="androidx.core.app.CoreComponentFactory"
28-->[androidx.core:core:1.9.0] AndroidManifest.xml:28:18-86
29        android:dataExtractionRules="@xml/data_extraction_rules"
29-->src\main\AndroidManifest.xml:15:9-65
30        android:debuggable="true"
31        android:fullBackupContent="@xml/backup_rules"
31-->src\main\AndroidManifest.xml:16:9-54
32        android:hardwareAccelerated="true"
32-->src\main\AndroidManifest.xml:14:9-43
33        android:icon="@mipmap/ic_launcher"
33-->src\main\AndroidManifest.xml:17:9-43
34        android:label="@string/app_name"
34-->src\main\AndroidManifest.xml:18:9-41
35        android:networkSecurityConfig="@xml/network_security_config"
35-->src\main\AndroidManifest.xml:21:9-69
36        android:supportsRtl="true"
36-->src\main\AndroidManifest.xml:19:9-35
37        android:testOnly="true"
38        android:theme="@style/Theme.Layout_Version" >
38-->src\main\AndroidManifest.xml:20:9-52
39        <activity
39-->src\main\AndroidManifest.xml:23:9-32:20
40            android:name="com.example.layout_version.MainActivity"
40-->src\main\AndroidManifest.xml:24:13-41
41            android:exported="true"
41-->src\main\AndroidManifest.xml:26:13-36
42            android:launchMode="singleTask" >
42-->src\main\AndroidManifest.xml:25:13-44
43            <intent-filter>
43-->src\main\AndroidManifest.xml:27:13-31:29
44                <action android:name="android.intent.action.MAIN" />
44-->src\main\AndroidManifest.xml:28:17-69
44-->src\main\AndroidManifest.xml:28:25-66
45
46                <category android:name="android.intent.category.LAUNCHER" />
46-->src\main\AndroidManifest.xml:30:17-77
46-->src\main\AndroidManifest.xml:30:27-74
47            </intent-filter>
48        </activity>
49        <activity android:name="com.example.layout_version.Settings" />
49-->src\main\AndroidManifest.xml:33:9-45
49-->src\main\AndroidManifest.xml:33:19-43
50        <activity android:name="com.example.layout_version.Saving_Policy_Page" />
50-->src\main\AndroidManifest.xml:34:9-56
50-->src\main\AndroidManifest.xml:34:19-53
51        <activity android:name="com.example.layout_version.Edit_Saving_Policy_Page" />
51-->src\main\AndroidManifest.xml:35:9-61
51-->src\main\AndroidManifest.xml:35:19-58
52        <activity android:name="com.example.layout_version.Camera_Page" />
52-->src\main\AndroidManifest.xml:36:9-49
52-->src\main\AndroidManifest.xml:36:19-46
53        <activity android:name="com.example.layout_version.Library_Videos_Page" />
53-->src\main\AndroidManifest.xml:37:9-57
53-->src\main\AndroidManifest.xml:37:19-54
54        <activity android:name="com.example.layout_version.Bluetooth_Page" />
54-->src\main\AndroidManifest.xml:38:9-52
54-->src\main\AndroidManifest.xml:38:19-49
55        <activity
55-->src\main\AndroidManifest.xml:39:9-40:46
56            android:name="com.example.layout_version.Account.Account_Page"
56-->src\main\AndroidManifest.xml:39:19-55
57            android:launchMode="singleTask" />
57-->src\main\AndroidManifest.xml:40:13-44
58        <activity
58-->src\main\AndroidManifest.xml:41:9-43:46
59            android:name="com.example.layout_version.Account.Account_Page_Signup"
59-->src\main\AndroidManifest.xml:42:13-56
60            android:launchMode="singleTask" />
60-->src\main\AndroidManifest.xml:43:13-44
61        <activity
61-->src\main\AndroidManifest.xml:44:9-46:46
62            android:name="com.example.layout_version.Account.Account_Page_Forgot_Password"
62-->src\main\AndroidManifest.xml:45:13-65
63            android:launchMode="singleTask" />
63-->src\main\AndroidManifest.xml:46:13-44
64        <activity
64-->src\main\AndroidManifest.xml:47:9-49:46
65            android:name="com.example.layout_version.Account.Account_Page_Verify_Code"
65-->src\main\AndroidManifest.xml:48:13-61
66            android:launchMode="singleTask" />
66-->src\main\AndroidManifest.xml:49:13-44
67        <activity
67-->src\main\AndroidManifest.xml:50:9-53:15
68            android:name="com.example.layout_version.Account.Account_Page_Password_Change"
68-->src\main\AndroidManifest.xml:51:13-65
69            android:launchMode="singleTask" />
69-->src\main\AndroidManifest.xml:52:13-44
70        <activity
70-->src\main\AndroidManifest.xml:54:9-57:15
71            android:name="com.example.layout_version.Account.Account_Page_Profile"
71-->src\main\AndroidManifest.xml:55:13-57
72            android:launchMode="singleTask" />
72-->src\main\AndroidManifest.xml:56:13-44
73
74        <provider
74-->[androidx.emoji2:emoji2:1.2.0] AndroidManifest.xml:24:9-32:20
75            android:name="androidx.startup.InitializationProvider"
75-->[androidx.emoji2:emoji2:1.2.0] AndroidManifest.xml:25:13-67
76            android:authorities="com.example.layout_version.androidx-startup"
76-->[androidx.emoji2:emoji2:1.2.0] AndroidManifest.xml:26:13-68
77            android:exported="false" >
77-->[androidx.emoji2:emoji2:1.2.0] AndroidManifest.xml:27:13-37
78            <meta-data
78-->[androidx.emoji2:emoji2:1.2.0] AndroidManifest.xml:29:13-31:52
79                android:name="androidx.emoji2.text.EmojiCompatInitializer"
79-->[androidx.emoji2:emoji2:1.2.0] AndroidManifest.xml:30:17-75
80                android:value="androidx.startup" />
80-->[androidx.emoji2:emoji2:1.2.0] AndroidManifest.xml:31:17-49
81            <meta-data
81-->[androidx.lifecycle:lifecycle-process:2.4.1] AndroidManifest.xml:31:13-33:52
82                android:name="androidx.lifecycle.ProcessLifecycleInitializer"
82-->[androidx.lifecycle:lifecycle-process:2.4.1] AndroidManifest.xml:32:17-78
83                android:value="androidx.startup" />
83-->[androidx.lifecycle:lifecycle-process:2.4.1] AndroidManifest.xml:33:17-49
84        </provider>
85        <provider
85-->[com.squareup.picasso:picasso:2.71828] AndroidManifest.xml:8:9-11:40
86            android:name="com.squareup.picasso.PicassoProvider"
86-->[com.squareup.picasso:picasso:2.71828] AndroidManifest.xml:9:13-64
87            android:authorities="com.example.layout_version.com.squareup.picasso"
87-->[com.squareup.picasso:picasso:2.71828] AndroidManifest.xml:10:13-72
88            android:exported="false" />
88-->[com.squareup.picasso:picasso:2.71828] AndroidManifest.xml:11:13-37
89    </application>
90
91</manifest>